
{"level":"info","message":"Express server is running on port 3000","timestamp":"2021-12-05 02:18:23 AM +0200"}
{"level":"info","message":"DB connected","timestamp":"2021-12-05 02:18:24 AM +0200"}
{"level":"info","message":"Express server is running on port 3000","timestamp":"2021-12-05 02:20:00 AM +0200"}
{"level":"info","message":"DB connected","timestamp":"2021-12-05 02:20:01 AM +0200"}
{"level":"info","message":"Express server is running on port 3000","timestamp":"2021-12-08 12:53:11 PM +0200"}
{"level":"info","message":"DB connected","timestamp":"2021-12-08 12:53:13 PM +0200"}
{"level":"info","message":"Get Artist number:1","timestamp":"2021-12-08 12:55:05 PM +0200"}
{"level":"info","message":"Get all Artists","timestamp":"2021-12-08 12:55:21 PM +0200"}
{"level":"info","message":"Success to Get all artists","timestamp":"2021-12-08 12:55:21 PM +0200"}
{"level":"info","message":"Get all Genres","timestamp":"2021-12-08 12:55:38 PM +0200"}
{"level":"info","message":"Success to Get all Genres","timestamp":"2021-12-08 12:55:38 PM +0200"}
{"level":"info","message":"Get Genre number:1","timestamp":"2021-12-08 12:55:43 PM +0200"}
{"level":"info","message":"Get Song by genre:1","timestamp":"2021-12-08 12:56:10 PM +0200"}
{"level":"info","message":"Success to Get Songs by genre number","timestamp":"2021-12-08 12:56:10 PM +0200"}
{"level":"info","message":"Get Song by artist:1","timestamp":"2021-12-08 12:56:24 PM +0200"}
{"level":"info","message":"Success to Get Songs by artist number","timestamp":"2021-12-08 12:56:24 PM +0200"}
{"level":"info","message":"Express server is running on port 3000","timestamp":"2021-12-08 12:58:56 PM +0200"}
{"level":"info","message":"DB connected","timestamp":"2021-12-08 12:58:57 PM +0200"}
{"level":"info","message":"Express server is running on port 3000","timestamp":"2021-12-08 12:59:03 PM +0200"}
{"level":"info","message":"DB connected","timestamp":"2021-12-08 12:59:04 PM +0200"}
{"level":"info","message":"Get Song by genre:1","timestamp":"2021-12-08 12:59:16 PM +0200"}
{"level":"info","message":"Express server is running on port 3000","timestamp":"2021-12-08 12:59:28 PM +0200"}
{"level":"info","message":"DB connected","timestamp":"2021-12-08 12:59:29 PM +0200"}
{"level":"info","message":"Express server is running on port 3000","timestamp":"2021-12-08 12:59:30 PM +0200"}
{"level":"info","message":"DB connected","timestamp":"2021-12-08 12:59:31 PM +0200"}
{"level":"info","message":"Express server is running on port 3000","timestamp":"2021-12-08 12:59:51 PM +0200"}
{"level":"info","message":"Express server is running on port 3000","timestamp":"2021-12-08 12:59:52 PM +0200"}
{"level":"info","message":"Express server is running on port 3000","timestamp":"2021-12-08 12:59:53 PM +0200"}
{"level":"info","message":"DB connected","timestamp":"2021-12-08 12:59:54 PM +0200"}
{"level":"info","message":"Express server is running on port 3000","timestamp":"2021-12-08 12:59:56 PM +0200"}
{"level":"info","message":"DB connected","timestamp":"2021-12-08 12:59:57 PM +0200"}
{"level":"info","message":"Get Song by genre:1","timestamp":"2021-12-08 01:00:00 PM +0200"}
{"level":"info","message":"Express server is running on port 3000","timestamp":"2021-12-08 01:00:22 PM +0200"}
{"level":"info","message":"DB connected","timestamp":"2021-12-08 01:00:23 PM +0200"}
{"level":"info","message":"Get Song by genre:1","timestamp":"2021-12-08 01:00:24 PM +0200"}
{"level":"info","message":"Express server is running on port 3000","timestamp":"2021-12-08 01:00:43 PM +0200"}
{"level":"info","message":"DB connected","timestamp":"2021-12-08 01:00:44 PM +0200"}
{"level":"info","message":"Get Song by artist:1","timestamp":"2021-12-08 01:00:48 PM +0200"}
{"level":"info","message":"Express server is running on port 3000","timestamp":"2021-12-08 01:00:58 PM +0200"}
{"level":"info","message":"DB connected","timestamp":"2021-12-08 01:00:59 PM +0200"}
{"level":"info","message":"Get Song by artist:1","timestamp":"2021-12-08 01:01:16 PM +0200"}
{"level":"info","message":"Express server is running on port 3000","timestamp":"2021-12-09 04:24:06 PM +0200"}
{"level":"info","message":"DB connected","timestamp":"2021-12-09 04:24:08 PM +0200"}
{"level":"info","message":"Express server is running on port 3000","timestamp":"2021-12-09 05:05:22 PM +0200"}
{"level":"info","message":"Express server is running on port 3000","timestamp":"2021-12-09 05:05:42 PM +0200"}
{"level":"info","message":"DB connected","timestamp":"2021-12-09 05:05:44 PM +0200"}
{"level":"info","message":"Add a Data","timestamp":"2021-12-09 05:06:05 PM +0200"}
{"level":"info","message":"Express server is running on port 3000","timestamp":"2021-12-09 05:07:24 PM +0200"}
{"level":"info","message":"DB connected","timestamp":"2021-12-09 05:07:25 PM +0200"}
{"level":"info","message":"Express server is running on port 3000","timestamp":"2021-12-09 05:07:30 PM +0200"}
{"level":"info","message":"Express server is running on port 3000","timestamp":"2021-12-09 05:07:31 PM +0200"}
{"level":"info","message":"DB connected","timestamp":"2021-12-09 05:07:32 PM +0200"}
{"level":"info","message":"Add a Data","timestamp":"2021-12-09 05:07:36 PM +0200"}
{"level":"info","message":"Express server is running on port 3000","timestamp":"2021-12-09 05:07:57 PM +0200"}
{"level":"info","message":"DB connected","timestamp":"2021-12-09 05:07:58 PM +0200"}
{"level":"info","message":"Express server is running on port 3000","timestamp":"2021-12-09 05:08:07 PM +0200"}
{"level":"info","message":"DB connected","timestamp":"2021-12-09 05:08:08 PM +0200"}
{"level":"info","message":"Add a Data","timestamp":"2021-12-09 05:08:11 PM +0200"}
{"level":"info","message":"Express server is running on port 3000","timestamp":"2021-12-09 05:08:50 PM +0200"}
{"level":"info","message":"DB connected","timestamp":"2021-12-09 05:08:52 PM +0200"}
{"level":"info","message":"Express server is running on port 3000","timestamp":"2021-12-09 05:08:58 PM +0200"}
{"level":"info","message":"DB connected","timestamp":"2021-12-09 05:08:59 PM +0200"}
{"level":"info","message":"Express server is running on port 3000","timestamp":"2021-12-09 05:09:05 PM +0200"}
{"level":"info","message":"DB connected","timestamp":"2021-12-09 05:09:06 PM +0200"}
{"level":"info","message":"Add a Data","timestamp":"2021-12-09 05:09:10 PM +0200"}
{"level":"info","message":"Adding bloopy is successfully","timestamp":"2021-12-09 05:09:10 PM +0200"}
{"level":"info","message":"Express server is running on port 3000","timestamp":"2021-12-09 05:09:48 PM +0200"}
{"level":"info","message":"DB connected","timestamp":"2021-12-09 05:09:49 PM +0200"}
{"level":"info","message":"Express server is running on port 3000","timestamp":"2021-12-09 05:09:54 PM +0200"}
{"level":"info","message":"DB connected","timestamp":"2021-12-09 05:09:55 PM +0200"}
{"level":"info","message":"Express server is running on port 3000","timestamp":"2021-12-09 05:10:03 PM +0200"}
{"level":"info","message":"DB connected","timestamp":"2021-12-09 05:10:05 PM +0200"}
{"level":"info","message":"Express server is running on port 3000","timestamp":"2021-12-09 05:10:07 PM +0200"}
{"level":"info","message":"DB connected","timestamp":"2021-12-09 05:10:08 PM +0200"}
{"level":"info","message":"Express server is running on port 3000","timestamp":"2021-12-09 05:10:14 PM +0200"}
{"level":"info","message":"DB connected","timestamp":"2021-12-09 05:10:14 PM +0200"}
{"level":"info","message":"Express server is running on port 3000","timestamp":"2021-12-09 05:10:17 PM +0200"}
{"level":"info","message":"DB connected","timestamp":"2021-12-09 05:10:18 PM +0200"}
{"level":"info","message":"Add a Data","timestamp":"2021-12-09 05:11:21 PM +0200"}
{"level":"info","message":"Adding bloopy is successfully","timestamp":"2021-12-09 05:11:21 PM +0200"}
{"level":"info","message":"Adding rock is successfully","timestamp":"2021-12-09 05:11:21 PM +0200"}
{"level":"info","message":"Adding pop is successfully","timestamp":"2021-12-09 05:11:21 PM +0200"}
{"level":"info","message":"Express server is running on port 3000","timestamp":"2021-12-09 05:13:11 PM +0200"}
{"level":"info","message":"DB connected","timestamp":"2021-12-09 05:13:15 PM +0200"}
{"level":"info","message":"Express server is running on port 3000","timestamp":"2021-12-09 05:13:18 PM +0200"}
{"level":"info","message":"DB connected","timestamp":"2021-12-09 05:13:19 PM +0200"}
{"level":"info","message":"Express server is running on port 3000","timestamp":"2021-12-09 05:13:20 PM +0200"}
{"level":"info","message":"DB connected","timestamp":"2021-12-09 05:13:21 PM +0200"}
{"level":"info","message":"Express server is running on port 3000","timestamp":"2021-12-09 05:13:42 PM +0200"}
{"level":"info","message":"Express server is running on port 3000","timestamp":"2021-12-09 05:13:43 PM +0200"}
{"level":"info","message":"Express server is running on port 3000","timestamp":"2021-12-09 05:13:50 PM +0200"}
{"level":"info","message":"DB connected","timestamp":"2021-12-09 05:13:52 PM +0200"}
{"level":"info","message":"Express server is running on port 3000","timestamp":"2021-12-09 05:13:58 PM +0200"}
{"level":"info","message":"DB connected","timestamp":"2021-12-09 05:13:59 PM +0200"}
{"level":"info","message":"Express server is running on port 3000","timestamp":"2021-12-09 05:14:00 PM +0200"}
{"level":"info","message":"DB connected","timestamp":"2021-12-09 05:14:01 PM +0200"}
{"level":"info","message":"Express server is running on port 3000","timestamp":"2021-12-09 05:14:04 PM +0200"}
{"level":"info","message":"DB connected","timestamp":"2021-12-09 05:14:05 PM +0200"}
{"level":"info","message":"Express server is running on port 3000","timestamp":"2021-12-09 05:14:07 PM +0200"}
{"level":"info","message":"DB connected","timestamp":"2021-12-09 05:14:08 PM +0200"}
{"level":"info","message":"Express server is running on port 3000","timestamp":"2021-12-09 05:14:09 PM +0200"}
{"level":"info","message":"DB connected","timestamp":"2021-12-09 05:14:10 PM +0200"}
{"level":"info","message":"Express server is running on port 3000","timestamp":"2021-12-09 05:14:12 PM +0200"}
{"level":"info","message":"DB connected","timestamp":"2021-12-09 05:14:14 PM +0200"}
{"level":"info","message":"Add a Data","timestamp":"2021-12-09 05:14:19 PM +0200"}
{"level":"info","message":"Adding bloopy is successfully","timestamp":"2021-12-09 05:14:19 PM +0200"}
{"level":"info","message":"Adding rock is successfully","timestamp":"2021-12-09 05:14:19 PM +0200"}
{"level":"info","message":"Adding pop is successfully","timestamp":"2021-12-09 05:14:19 PM +0200"}
{"level":"info","message":"Adding maaaaa is successfully","timestamp":"2021-12-09 05:14:20 PM +0200"}
{"level":"info","message":"Add a Data","timestamp":"2021-12-09 05:14:44 PM +0200"}
{"level":"info","message":"Adding bloopy is successfully","timestamp":"2021-12-09 05:14:44 PM +0200"}
{"level":"info","message":"Adding rock is successfully","timestamp":"2021-12-09 05:14:44 PM +0200"}
{"level":"info","message":"Adding pop is successfully","timestamp":"2021-12-09 05:14:44 PM +0200"}
{"level":"info","message":"Adding maaaaa is successfully","timestamp":"2021-12-09 05:14:44 PM +0200"}
{"level":"info","message":"Add a Data","timestamp":"2021-12-09 05:14:54 PM +0200"}
{"level":"info","message":"Adding bloopy is successfully","timestamp":"2021-12-09 05:14:54 PM +0200"}
{"level":"info","message":"Adding rock is successfully","timestamp":"2021-12-09 05:14:54 PM +0200"}
{"level":"info","message":"Adding pop is successfully","timestamp":"2021-12-09 05:14:54 PM +0200"}
{"level":"info","message":"Adding maaaaa is successfully","timestamp":"2021-12-09 05:14:54 PM +0200"}
{"level":"info","message":"Add a Data","timestamp":"2021-12-09 05:14:54 PM +0200"}
{"level":"info","message":"Adding bloopy is successfully","timestamp":"2021-12-09 05:14:54 PM +0200"}
{"level":"info","message":"Adding rock is successfully","timestamp":"2021-12-09 05:14:54 PM +0200"}
{"level":"info","message":"Adding pop is successfully","timestamp":"2021-12-09 05:14:54 PM +0200"}
{"level":"info","message":"Add a Data","timestamp":"2021-12-09 05:14:55 PM +0200"}
{"level":"info","message":"Adding bloopy is successfully","timestamp":"2021-12-09 05:14:55 PM +0200"}
{"level":"info","message":"Adding rock is successfully","timestamp":"2021-12-09 05:14:55 PM +0200"}
{"level":"info","message":"Adding pop is successfully","timestamp":"2021-12-09 05:14:55 PM +0200"}
{"level":"info","message":"Adding maaaaa is successfully","timestamp":"2021-12-09 05:14:55 PM +0200"}
{"level":"info","message":"Adding maaaaa is successfully","timestamp":"2021-12-09 05:14:56 PM +0200"}
{"level":"info","message":"Add a Data","timestamp":"2021-12-09 05:14:56 PM +0200"}
{"level":"info","message":"Adding bloopy is successfully","timestamp":"2021-12-09 05:14:56 PM +0200"}
{"level":"info","message":"Adding rock is successfully","timestamp":"2021-12-09 05:14:56 PM +0200"}
{"level":"info","message":"Adding pop is successfully","timestamp":"2021-12-09 05:14:56 PM +0200"}
{"level":"info","message":"Add a Data","timestamp":"2021-12-09 05:14:57 PM +0200"}
{"level":"info","message":"Adding bloopy is successfully","timestamp":"2021-12-09 05:14:57 PM +0200"}
{"level":"info","message":"Adding rock is successfully","timestamp":"2021-12-09 05:14:57 PM +0200"}
{"level":"info","message":"Adding pop is successfully","timestamp":"2021-12-09 05:14:57 PM +0200"}
{"level":"info","message":"Adding maaaaa is successfully","timestamp":"2021-12-09 05:14:57 PM +0200"}
{"level":"info","message":"Add a Data","timestamp":"2021-12-09 05:14:57 PM +0200"}
{"level":"info","message":"Adding bloopy is successfully","timestamp":"2021-12-09 05:14:57 PM +0200"}
{"level":"info","message":"Adding rock is successfully","timestamp":"2021-12-09 05:14:57 PM +0200"}
{"level":"info","message":"Adding pop is successfully","timestamp":"2021-12-09 05:14:57 PM +0200"}
{"level":"info","message":"Adding maaaaa is successfully","timestamp":"2021-12-09 05:14:58 PM +0200"}
{"level":"info","message":"Adding maaaaa is successfully","timestamp":"2021-12-09 05:14:58 PM +0200"}
{"level":"info","message":"Add a Data","timestamp":"2021-12-09 05:16:16 PM +0200"}
{"level":"info","message":"Adding bloopy is successfully","timestamp":"2021-12-09 05:16:16 PM +0200"}
{"level":"info","message":"Adding rock is successfully","timestamp":"2021-12-09 05:16:16 PM +0200"}
{"level":"info","message":"Adding pop is successfully","timestamp":"2021-12-09 05:16:16 PM +0200"}
{"level":"info","message":"Adding maaaaa is successfully","timestamp":"2021-12-09 05:16:17 PM +0200"}
{"level":"info","message":"Add a Data","timestamp":"2021-12-09 05:17:06 PM +0200"}
{"level":"info","message":"Adding Eminem is successfully","timestamp":"2021-12-09 05:17:06 PM +0200"}
{"level":"info","message":"Adding rock is successfully","timestamp":"2021-12-09 05:17:06 PM +0200"}
{"level":"info","message":"Adding pop is successfully","timestamp":"2021-12-09 05:17:06 PM +0200"}
{"level":"info","message":"Adding Rap god is successfully","timestamp":"2021-12-09 05:17:06 PM +0200"}
{"level":"info","message":"Express server is running on port 3000","timestamp":"2021-12-09 05:18:43 PM +0200"}
{"level":"info","message":"Express server is running on port 3000","timestamp":"2021-12-09 05:18:46 PM +0200"}
{"level":"info","message":"DB connected","timestamp":"2021-12-09 05:18:47 PM +0200"}
{"level":"info","message":"Express server is running on port 3000","timestamp":"2021-12-09 05:18:48 PM +0200"}
{"level":"info","message":"DB connected","timestamp":"2021-12-09 05:18:49 PM +0200"}
{"level":"info","message":"Express server is running on port 3000","timestamp":"2021-12-09 05:18:51 PM +0200"}
{"level":"info","message":"DB connected","timestamp":"2021-12-09 05:18:52 PM +0200"}
{"level":"info","message":"Express server is running on port 3000","timestamp":"2021-12-09 05:18:55 PM +0200"}
{"level":"info","message":"DB connected","timestamp":"2021-12-09 05:18:56 PM +0200"}
{"level":"info","message":"Express server is running on port 3000","timestamp":"2021-12-09 05:18:57 PM +0200"}
{"level":"info","message":"DB connected","timestamp":"2021-12-09 05:18:59 PM +0200"}
{"level":"info","message":"Express server is running on port 3000","timestamp":"2021-12-09 05:19:04 PM +0200"}
{"level":"info","message":"Express server is running on port 3000","timestamp":"2021-12-09 05:19:06 PM +0200"}
{"level":"info","message":"DB connected","timestamp":"2021-12-09 05:19:07 PM +0200"}
{"level":"info","message":"Express server is running on port 3000","timestamp":"2021-12-09 05:19:08 PM +0200"}
{"level":"info","message":"Express server is running on port 3000","timestamp":"2021-12-09 05:19:12 PM +0200"}
{"level":"info","message":"DB connected","timestamp":"2021-12-09 05:19:13 PM +0200"}
{"level":"info","message":"Express server is running on port 3000","timestamp":"2021-12-09 05:19:16 PM +0200"}
{"level":"info","message":"DB connected","timestamp":"2021-12-09 05:19:17 PM +0200"}
{"level":"info","message":"Add a Data","timestamp":"2021-12-09 05:19:27 PM +0200"}
{"level":"info","message":"Adding Eminem is successfully","timestamp":"2021-12-09 05:19:27 PM +0200"}
{"level":"info","message":"Adding rock is successfully","timestamp":"2021-12-09 05:19:27 PM +0200"}
{"level":"info","message":"Adding pop is successfully","timestamp":"2021-12-09 05:19:27 PM +0200"}
{"level":"info","message":"Adding Rap god is successfully","timestamp":"2021-12-09 05:19:28 PM +0200"}
{"level":"info","message":"Express server is running on port 3000","timestamp":"2021-12-09 05:19:48 PM +0200"}
{"level":"info","message":"Express server is running on port 3000","timestamp":"2021-12-09 05:19:49 PM +0200"}
{"level":"info","message":"DB connected","timestamp":"2021-12-09 05:19:50 PM +0200"}
{"level":"info","message":"Express server is running on port 3000","timestamp":"2021-12-09 05:20:26 PM +0200"}
{"level":"info","message":"DB connected","timestamp":"2021-12-09 05:20:27 PM +0200"}
{"level":"info","message":"Express server is running on port 3000","timestamp":"2021-12-09 05:20:28 PM +0200"}
{"level":"info","message":"DB connected","timestamp":"2021-12-09 05:20:29 PM +0200"}
{"level":"info","message":"Express server is running on port 3000","timestamp":"2021-12-09 05:21:11 PM +0200"}
{"level":"info","message":"DB connected","timestamp":"2021-12-09 05:21:12 PM +0200"}
{"level":"info","message":"Express server is running on port 3000","timestamp":"2021-12-09 05:21:17 PM +0200"}
{"level":"info","message":"DB connected","timestamp":"2021-12-09 05:21:18 PM +0200"}
{"level":"info","message":"Express server is running on port 3000","timestamp":"2021-12-09 05:21:23 PM +0200"}
{"level":"info","message":"DB connected","timestamp":"2021-12-09 05:21:24 PM +0200"}
{"level":"info","message":"Express server is running on port 3000","timestamp":"2021-12-09 05:21:27 PM +0200"}
{"level":"info","message":"DB connected","timestamp":"2021-12-09 05:21:28 PM +0200"}
{"level":"info","message":"Express server is running on port 3000","timestamp":"2021-12-09 05:21:31 PM +0200"}
{"level":"info","message":"DB connected","timestamp":"2021-12-09 05:21:34 PM +0200"}
{"level":"info","message":"Express server is running on port 3000","timestamp":"2021-12-09 05:21:40 PM +0200"}
{"level":"info","message":"DB connected","timestamp":"2021-12-09 05:21:41 PM +0200"}
{"level":"info","message":"Express server is running on port 3000","timestamp":"2021-12-09 05:21:43 PM +0200"}
{"level":"info","message":"DB connected","timestamp":"2021-12-09 05:21:45 PM +0200"}
{"level":"info","message":"Express server is running on port 3000","timestamp":"2021-12-09 05:21:53 PM +0200"}
{"level":"info","message":"DB connected","timestamp":"2021-12-09 05:21:55 PM +0200"}
{"level":"info","message":"Express server is running on port 3000","timestamp":"2021-12-09 05:21:59 PM +0200"}
{"level":"info","message":"DB connected","timestamp":"2021-12-09 05:22:00 PM +0200"}
{"level":"info","message":"Express server is running on port 3000","timestamp":"2021-12-09 05:22:32 PM +0200"}
{"level":"info","message":"DB connected","timestamp":"2021-12-09 05:22:34 PM +0200"}
{"level":"info","message":"Express server is running on port 3000","timestamp":"2021-12-09 05:22:59 PM +0200"}
{"level":"info","message":"DB connected","timestamp":"2021-12-09 05:23:00 PM +0200"}
{"level":"info","message":"Express server is running on port 3000","timestamp":"2021-12-09 05:23:03 PM +0200"}
{"level":"info","message":"DB connected","timestamp":"2021-12-09 05:23:05 PM +0200"}
{"level":"info","message":"Add a Data","timestamp":"2021-12-09 05:23:14 PM +0200"}
{"level":"info","message":"Adding Eminem is successfully","timestamp":"2021-12-09 05:23:14 PM +0200"}
{"level":"info","message":"Adding rock is successfully","timestamp":"2021-12-09 05:23:14 PM +0200"}
{"level":"info","message":"Adding pop is successfully","timestamp":"2021-12-09 05:23:14 PM +0200"}
{"level":"info","message":"Adding Rap god is successfully","timestamp":"2021-12-09 05:23:14 PM +0200"}
{"level":"info","message":"Express server is running on port 3000","timestamp":"2021-12-09 05:23:49 PM +0200"}
{"level":"info","message":"DB connected","timestamp":"2021-12-09 05:23:50 PM +0200"}
